<?xml version="1.0" encoding="UTF-8"?>
<!-- Generated by org.testng.reporters.JUnitXMLReporter -->
<testsuite ignored="8" hostname="LTIN217341" failures="0" tests="18" name="Test" time="440.192" errors="0" timestamp="2024-02-09T11:58:50 IST">
  <testcase classname="testCases.TC_001_CourseraPage" name="check_survey_visibility" time="1.339"/>
  <testcase classname="testCases.TC_001_CourseraPage" name="Verify_CourseraPage" time="0.119"/>
  <testcase classname="testCases.TC_002_Courses" name="verify_SearchIcon" time="0.296"/>
  <testcase classname="testCases.TC_002_Courses" name="search_courses" time="14.862"/>
  <testcase classname="testCases.TC_002_Courses" name="select_levels" time="0.732"/>
  <testcase classname="testCases.TC_002_Courses" name="select_langs" time="2.356"/>
  <testcase classname="testCases.TC_002_Courses" name="scrollUp" time="0.039"/>
  <testcase classname="testCases.TC_003_WebDevelopmentCourses" name="course_name" time="1.038"/>
  <testcase classname="testCases.TC_004_LanguageLearning" name="search_Language" time="9.426"/>
  <testcase classname="testCases.TC_004_LanguageLearning" name="show_FirstCourses" time="73.657"/>
  <testcase classname="testCases.TC_004_LanguageLearning" name="show_SecondCourses" time="67.632"/>
  <testcase classname="testCases.TC_004_LanguageLearning" name="show_ThirdCourses" time="47.797"/>
  <testcase classname="testCases.TC_004_LanguageLearning" name="show_FourthCourses" time="48.402"/>
  <testcase classname="testCases.TC_004_LanguageLearning" name="show_FifthCourses" time="49.278"/>
  <testcase classname="testCases.TC_005_FormFilling" name="Enterprise" time="44.813"/>
  <testcase classname="testCases.TC_005_FormFilling" name="form" time="9.605"/>
  <testcase classname="testCases.TC_005_FormFilling" name="startfillingform" time="9.584"/>
  <testcase classname="testCases.TC_005_FormFilling" name="messageDisplay" time="4.398"/>
  <testcase classname="testBase.BaseClass" name="@AfterTest teardown" time="0.0">
    <ignored/>
  </testcase> <!-- @AfterTest teardown -->
  <testcase classname="testBase.BaseClass" name="@AfterTest teardown" time="0.0">
    <ignored/>
  </testcase> <!-- @AfterTest teardown -->
  <testcase classname="testBase.BaseClass" name="@BeforeTest setup" time="0.0">
    <ignored/>
  </testcase> <!-- @BeforeTest setup -->
  <testcase classname="testBase.BaseClass" name="@BeforeTest setup" time="0.0">
    <ignored/>
  </testcase> <!-- @BeforeTest setup -->
  <testcase classname="testBase.BaseClass" name="@AfterTest teardown" time="0.0">
    <ignored/>
  </testcase> <!-- @AfterTest teardown -->
  <testcase classname="testBase.BaseClass" name="@BeforeTest setup" time="0.0">
    <ignored/>
  </testcase> <!-- @BeforeTest setup -->
  <testcase classname="testBase.BaseClass" name="@BeforeTest setup" time="0.0">
    <ignored/>
  </testcase> <!-- @BeforeTest setup -->
  <testcase classname="testBase.BaseClass" name="@AfterTest teardown" time="0.0">
    <ignored/>
  </testcase> <!-- @AfterTest teardown -->
</testsuite> <!-- Test -->
