<?xml version="1.0" encoding="UTF-8"?>
<!-- Generated by org.testng.reporters.JUnitXMLReporter -->
<testsuite ignored="8" hostname="LTIN217341" failures="0" tests="18" name="Test" time="448.325" errors="0" timestamp="2024-02-12T12:21:20 IST">
  <testcase classname="testCases.TC_001_CourseraPage" name="check_survey_visibility" time="0.93"/>
  <testcase classname="testCases.TC_001_CourseraPage" name="Verify_CourseraPage" time="0.119"/>
  <testcase classname="testCases.TC_002_Courses" name="verify_SearchIcon" time="0.351"/>
  <testcase classname="testCases.TC_002_Courses" name="search_courses" time="16.36"/>
  <testcase classname="testCases.TC_002_Courses" name="select_levels" time="1.186"/>
  <testcase classname="testCases.TC_002_Courses" name="select_langs" time="3.215"/>
  <testcase classname="testCases.TC_002_Courses" name="scrollUp" time="0.319"/>
  <testcase classname="testCases.TC_003_WebDevelopmentCourses" name="course_name" time="1.191"/>
  <testcase classname="testCases.TC_004_LanguageLearning" name="search_Language" time="9.766"/>
  <testcase classname="testCases.TC_004_LanguageLearning" name="show_FirstCourses" time="79.774"/>
  <testcase classname="testCases.TC_004_LanguageLearning" name="show_SecondCourses" time="74.076"/>
  <testcase classname="testCases.TC_004_LanguageLearning" name="show_ThirdCourses" time="53.602"/>
  <testcase classname="testCases.TC_004_LanguageLearning" name="show_FourthCourses" time="52.484"/>
  <testcase classname="testCases.TC_004_LanguageLearning" name="show_FifthCourses" time="51.166"/>
  <testcase classname="testCases.TC_005_FormFilling" name="Enterprise" time="22.994"/>
  <testcase classname="testCases.TC_005_FormFilling" name="form" time="9.889"/>
  <testcase classname="testCases.TC_005_FormFilling" name="startfillingform" time="9.045"/>
  <testcase classname="testCases.TC_005_FormFilling" name="messageDisplay" time="4.154"/>
  <testcase classname="testBase.BaseClass" name="@BeforeTest setup" time="0.0">
    <ignored/>
  </testcase> <!-- @BeforeTest setup -->
  <testcase classname="testBase.BaseClass" name="@BeforeTest setup" time="0.0">
    <ignored/>
  </testcase> <!-- @BeforeTest setup -->
  <testcase classname="testBase.BaseClass" name="@BeforeTest setup" time="0.0">
    <ignored/>
  </testcase> <!-- @BeforeTest setup -->
  <testcase classname="testBase.BaseClass" name="@BeforeTest setup" time="0.0">
    <ignored/>
  </testcase> <!-- @BeforeTest setup -->
  <testcase classname="testBase.BaseClass" name="@AfterTest teardown" time="0.0">
    <ignored/>
  </testcase> <!-- @AfterTest teardown -->
  <testcase classname="testBase.BaseClass" name="@AfterTest teardown" time="0.0">
    <ignored/>
  </testcase> <!-- @AfterTest teardown -->
  <testcase classname="testBase.BaseClass" name="@AfterTest teardown" time="0.0">
    <ignored/>
  </testcase> <!-- @AfterTest teardown -->
  <testcase classname="testBase.BaseClass" name="@AfterTest teardown" time="0.0">
    <ignored/>
  </testcase> <!-- @AfterTest teardown -->
</testsuite> <!-- Test -->
