<?xml version="1.0" encoding="UTF-8"?>
<testng-results ignored="8" total="26" passed="18" failed="0" skipped="0">
  <reporter-output>
  </reporter-output>
  <suite started-at="2024-02-12T12:13:50 IST" name="Suite" finished-at="2024-02-12T12:21:18 IST" duration-ms="448325">
    <groups>
    </groups>
    <test started-at="2024-02-12T12:13:50 IST" name="Test" finished-at="2024-02-12T12:21:18 IST" duration-ms="448325">
      <class name="testCases.TC_004_LanguageLearning">
        <test-method signature="search_Language()[pri:9, instance:testCases.TC_004_LanguageLearning@76a4ebf2]" started-at="2024-02-12T12:15:01 IST" name="search_Language" finished-at="2024-02-12T12:15:11 IST" duration-ms="9766" status="PASS">
          <reporter-output>
          </reporter-output>
        </test-method> <!-- search_Language -->
        <test-method signature="show_FirstCourses()[pri:10, instance:testCases.TC_004_LanguageLearning@76a4ebf2]" started-at="2024-02-12T12:15:11 IST" name="show_FirstCourses" finished-at="2024-02-12T12:16:31 IST" duration-ms="79774" status="PASS">
          <reporter-output>
          </reporter-output>
        </test-method> <!-- show_FirstCourses -->
        <test-method signature="show_SecondCourses()[pri:11, instance:testCases.TC_004_LanguageLearning@76a4ebf2]" started-at="2024-02-12T12:16:31 IST" name="show_SecondCourses" finished-at="2024-02-12T12:17:45 IST" duration-ms="74076" status="PASS">
          <reporter-output>
          </reporter-output>
        </test-method> <!-- show_SecondCourses -->
        <test-method signature="show_ThirdCourses()[pri:12, instance:testCases.TC_004_LanguageLearning@76a4ebf2]" started-at="2024-02-12T12:17:46 IST" name="show_ThirdCourses" finished-at="2024-02-12T12:18:39 IST" duration-ms="53602" status="PASS">
          <reporter-output>
          </reporter-output>
        </test-method> <!-- show_ThirdCourses -->
        <test-method signature="show_FourthCourses()[pri:13, instance:testCases.TC_004_LanguageLearning@76a4ebf2]" started-at="2024-02-12T12:18:40 IST" name="show_FourthCourses" finished-at="2024-02-12T12:19:32 IST" duration-ms="52484" status="PASS">
          <reporter-output>
          </reporter-output>
        </test-method> <!-- show_FourthCourses -->
        <test-method signature="show_FifthCourses()[pri:14, instance:testCases.TC_004_LanguageLearning@76a4ebf2]" started-at="2024-02-12T12:19:33 IST" name="show_FifthCourses" finished-at="2024-02-12T12:20:24 IST" duration-ms="51166" status="PASS">
          <reporter-output>
          </reporter-output>
        </test-method> <!-- show_FifthCourses -->
      </class> <!-- testCases.TC_004_LanguageLearning -->
      <class name="testCases.TC_003_WebDevelopmentCourses">
        <test-method signature="course_name()[pri:8, instance:testCases.TC_003_WebDevelopmentCourses@6e6f2380]" started-at="2024-02-12T12:14:59 IST" name="course_name" finished-at="2024-02-12T12:15:00 IST" duration-ms="1191" status="PASS">
          <reporter-output>
          </reporter-output>
        </test-method> <!-- course_name -->
      </class> <!-- testCases.TC_003_WebDevelopmentCourses -->
      <class name="testCases.TC_002_Courses">
        <test-method signature="verify_SearchIcon()[pri:3, instance:testCases.TC_002_Courses@6892b3b6]" started-at="2024-02-12T12:14:34 IST" name="verify_SearchIcon" finished-at="2024-02-12T12:14:35 IST" duration-ms="351" status="PASS">
          <reporter-output>
          </reporter-output>
        </test-method> <!-- verify_SearchIcon -->
        <test-method signature="search_courses()[pri:4, instance:testCases.TC_002_Courses@6892b3b6]" started-at="2024-02-12T12:14:35 IST" name="search_courses" finished-at="2024-02-12T12:14:52 IST" duration-ms="16360" status="PASS">
          <reporter-output>
          </reporter-output>
        </test-method> <!-- search_courses -->
        <test-method signature="select_levels()[pri:5, instance:testCases.TC_002_Courses@6892b3b6]" started-at="2024-02-12T12:14:52 IST" name="select_levels" finished-at="2024-02-12T12:14:53 IST" duration-ms="1186" status="PASS">
          <reporter-output>
          </reporter-output>
        </test-method> <!-- select_levels -->
        <test-method signature="select_langs()[pri:6, instance:testCases.TC_002_Courses@6892b3b6]" started-at="2024-02-12T12:14:54 IST" name="select_langs" finished-at="2024-02-12T12:14:57 IST" duration-ms="3215" status="PASS">
          <reporter-output>
          </reporter-output>
        </test-method> <!-- select_langs -->
        <test-method signature="scrollUp()[pri:7, instance:testCases.TC_002_Courses@6892b3b6]" started-at="2024-02-12T12:14:57 IST" name="scrollUp" finished-at="2024-02-12T12:14:58 IST" duration-ms="319" status="PASS">
          <reporter-output>
          </reporter-output>
        </test-method> <!-- scrollUp -->
      </class> <!-- testCases.TC_002_Courses -->
      <class name="testCases.TC_001_CourseraPage">
        <test-method is-config="true" signature="setup(java.lang.String,java.lang.String)[pri:0, instance:testCases.TC_001_CourseraPage@26d9b808]" started-at="2024-02-12T12:13:50 IST" name="setup" finished-at="2024-02-12T12:14:32 IST" duration-ms="41659" status="PASS">
          <params>
            <param index="0">
              <value>
                <![CDATA[Windows]]>
              </value>
            </param>
            <param index="1">
              <value>
                <![CDATA[edge]]>
              </value>
            </param>
          </params>
          <reporter-output>
          </reporter-output>
        </test-method> <!-- setup -->
        <test-method signature="check_survey_visibility()[pri:1, instance:testCases.TC_001_CourseraPage@26d9b808]" started-at="2024-02-12T12:14:32 IST" name="check_survey_visibility" finished-at="2024-02-12T12:14:33 IST" duration-ms="930" status="PASS">
          <reporter-output>
          </reporter-output>
        </test-method> <!-- check_survey_visibility -->
        <test-method signature="Verify_CourseraPage()[pri:2, instance:testCases.TC_001_CourseraPage@26d9b808]" started-at="2024-02-12T12:14:34 IST" name="Verify_CourseraPage" finished-at="2024-02-12T12:14:34 IST" duration-ms="119" status="PASS">
          <reporter-output>
          </reporter-output>
        </test-method> <!-- Verify_CourseraPage -->
        <test-method is-config="true" signature="teardown()[pri:0, instance:testCases.TC_001_CourseraPage@26d9b808]" started-at="2024-02-12T12:21:13 IST" name="teardown" finished-at="2024-02-12T12:21:18 IST" duration-ms="4726" status="PASS">
          <reporter-output>
          </reporter-output>
        </test-method> <!-- teardown -->
      </class> <!-- testCases.TC_001_CourseraPage -->
      <class name="testCases.TC_005_FormFilling">
        <test-method signature="Enterprise()[pri:11, instance:testCases.TC_005_FormFilling@2e8c1c9b]" started-at="2024-02-12T12:20:25 IST" name="Enterprise" finished-at="2024-02-12T12:20:48 IST" duration-ms="22994" status="PASS">
          <reporter-output>
          </reporter-output>
        </test-method> <!-- Enterprise -->
        <test-method signature="form()[pri:12, instance:testCases.TC_005_FormFilling@2e8c1c9b]" started-at="2024-02-12T12:20:48 IST" name="form" finished-at="2024-02-12T12:20:58 IST" duration-ms="9889" status="PASS">
          <reporter-output>
          </reporter-output>
        </test-method> <!-- form -->
        <test-method signature="startfillingform()[pri:13, instance:testCases.TC_005_FormFilling@2e8c1c9b]" started-at="2024-02-12T12:20:59 IST" name="startfillingform" finished-at="2024-02-12T12:21:08 IST" duration-ms="9045" status="PASS">
          <reporter-output>
          </reporter-output>
        </test-method> <!-- startfillingform -->
        <test-method signature="messageDisplay()[pri:14, instance:testCases.TC_005_FormFilling@2e8c1c9b]" started-at="2024-02-12T12:21:09 IST" name="messageDisplay" finished-at="2024-02-12T12:21:13 IST" duration-ms="4154" status="PASS">
          <reporter-output>
          </reporter-output>
        </test-method> <!-- messageDisplay -->
      </class> <!-- testCases.TC_005_FormFilling -->
    </test> <!-- Test -->
  </suite> <!-- Suite -->
</testng-results>
